<?xml version="1.0" encoding="UTF-8"?>
<!-- Generated by org.testng.reporters.JUnitReportReporter -->
<testsuite hostname="DevikaKaPC" name="com.php.test.TestHomePage" tests="1" failures="0" timestamp="28 Sep 2020 12:40:28 GMT" time="148.045" errors="0">
  <testcase name="Book2Adults" time="148.045" classname="com.php.test.TestHomePage"/>
</testsuite> <!-- com.php.test.TestHomePage -->
